<?xml version="1.0" encoding="UTF-8"?>
<!-- Generated by org.testng.reporters.JUnitReportReporter -->
<testsuite hostname="ASARAM-BAPU" failures="0" tests="1" name="com.qa.TestCases.TC_Homepage_HitMobile_001" time="3.144" errors="0" timestamp="2023-03-17T22:06:41 IST" skipped="0">
  <testcase classname="com.qa.TestCases.TC_Homepage_HitMobile_001" name="verifyMobile" time="3.144"/>
  <system-out/>
</testsuite> <!-- com.qa.TestCases.TC_Homepage_HitMobile_001 -->
