<?xml version="1.0" encoding="UTF-8"?>
<!-- Generated by org.testng.reporters.JUnitReportReporter -->
<testsuite hostname="ASARAM-BAPU" failures="0" tests="1" name="com.qa.TestCases.TC_MaximumQuantity_VerifyError_003" time="22.234" errors="0" timestamp="2023-03-20T13:58:01 IST" skipped="0">
  <testcase classname="com.qa.TestCases.TC_MaximumQuantity_VerifyError_003" name="VerifyQuantityError" time="22.234"/>
  <system-out/>
</testsuite> <!-- com.qa.TestCases.TC_MaximumQuantity_VerifyError_003 -->
