<?xml version="1.0" encoding="UTF-8"?>
<!-- Generated by org.testng.reporters.JUnitReportReporter -->
<testsuite hostname="ASARAM-BAPU" failures="0" tests="1" name="com.qa.TestCases.TC_PurchaseProduct_ShippingCost_006" time="14.179" errors="0" timestamp="2023-03-24T13:42:43 IST" skipped="0">
  <testcase classname="com.qa.TestCases.TC_PurchaseProduct_ShippingCost_006" name="verifyPurchase" time="14.179"/>
  <system-out/>
</testsuite> <!-- com.qa.TestCases.TC_PurchaseProduct_ShippingCost_006 -->
