<?xml version="1.0" encoding="UTF-8"?>
<!-- Generated by org.testng.reporters.JUnitReportReporter -->
<testsuite hostname="ASARAM-BAPU" failures="0" tests="1" name="com.qa.TestCases.TC_SonyXperia_VerifyCost_002" time="16.094" errors="0" timestamp="2023-03-19T22:54:28 IST" skipped="0">
  <testcase classname="com.qa.TestCases.TC_SonyXperia_VerifyCost_002" name="VerifyCostSony" time="16.094"/>
  <system-out/>
</testsuite> <!-- com.qa.TestCases.TC_SonyXperia_VerifyCost_002 -->
