<?xml version="1.0" encoding="UTF-8"?>
<!-- Generated by org.testng.reporters.JUnitReportReporter -->
<testsuite hostname="ASARAM-BAPU" failures="0" tests="1" name="com.qa.TestCases.TC_CreateAccount_VerifyShareWishlist_005" time="8.332" errors="0" timestamp="2023-03-24T13:42:10 IST" skipped="0">
  <testcase classname="com.qa.TestCases.TC_CreateAccount_VerifyShareWishlist_005" name="VerifyAndCreateAccount" time="8.332"/>
  <system-out/>
</testsuite> <!-- com.qa.TestCases.TC_CreateAccount_VerifyShareWishlist_005 -->
